# JRE version: OpenJDK Runtime Environment (15.0.2+7) (build 15.0.2+7-27)
# Java VM: OpenJDK 64-Bit Server VM (15.0.2+7-27, mixed mode, tiered, compressed oops, g1 gc, windows-amd64)
GC Precious Log:
 CPUs: 4 total, 4 available
 Memory: 3459M
 Large Page Support: Disabled
 NUMA Support: Disabled
 Compressed Oops: Enabled (32-bit)
 Heap Region Size: 1M
 Heap Min Capacity: 8M
 Heap Initial Capacity: 56M
 Heap Max Capacity: 866M
 Pre-touch: Disabled
 Parallel Workers: 4
 Concurrent Workers: 1
 Concurrent Refinement Workers: 4
 Periodic GC: Disabled
Heap:
 garbage-first heap   total 57344K, used 15151K [0x00000000c9e00000, 0x0000000100000000)
  region size 1024K, 13 young (13312K), 2 survivors (2048K)
 Metaspace       used 19745K, capacity 20023K, committed 20096K, reserved 1067008K
  class space    used 2049K, capacity 2141K, committed 2176K, reserved 1048576K
GC Heap History (6 events):
Event: 1.585 GC heap before
{Heap before GC invocations=0 (full 0):
 garbage-first heap   total 57344K, used 13312K [0x00000000c9e00000, 0x0000000100000000)
  region size 1024K, 13 young (13312K), 0 survivors (0K)
 Metaspace       used 11972K, capacity 12096K, committed 12288K, reserved 1060864K
  class space    used 1095K, capacity 1156K, committed 1280K, reserved 1048576K
}
Event: 1.593 GC heap after
{Heap after GC invocations=1 (full 0):
 garbage-first heap   total 57344K, used 3118K [0x00000000c9e00000, 0x0000000100000000)
  region size 1024K, 2 young (2048K), 2 survivors (2048K)
 Metaspace       used 11972K, capacity 12096K, committed 12288K, reserved 1060864K
  class space    used 1095K, capacity 1156K, committed 1280K, reserved 1048576K
}
Event: 1.900 GC heap before
{Heap before GC invocations=1 (full 0):
 garbage-first heap   total 57344K, used 16430K [0x00000000c9e00000, 0x0000000100000000)
  region size 1024K, 15 young (15360K), 2 survivors (2048K)
 Metaspace       used 13900K, capacity 14083K, committed 14336K, reserved 1062912K
  class space    used 1353K, capacity 1413K, committed 1536K, reserved 1048576K
}
Event: 1.906 GC heap after
{Heap after GC invocations=2 (full 0):
 garbage-first heap   total 57344K, used 4007K [0x00000000c9e00000, 0x0000000100000000)
  region size 1024K, 1 young (1024K), 1 survivors (1024K)
 Metaspace       used 13900K, capacity 14083K, committed 14336K, reserved 1062912K
  class space    used 1353K, capacity 1413K, committed 1536K, reserved 1048576K
}
Event: 2.532 GC heap before
{Heap before GC invocations=2 (full 0):
 garbage-first heap   total 57344K, used 24487K [0x00000000c9e00000, 0x0000000100000000)
  region size 1024K, 22 young (22528K), 1 survivors (1024K)
 Metaspace       used 17499K, capacity 17749K, committed 17792K, reserved 1064960K
  class space    used 1786K, capacity 1906K, committed 1920K, reserved 1048576K
}
Event: 2.537 GC heap after
{Heap after GC invocations=3 (full 0):
 garbage-first heap   total 57344K, used 4911K [0x00000000c9e00000, 0x0000000100000000)
  region size 1024K, 2 young (2048K), 2 survivors (2048K)
 Metaspace       used 17499K, capacity 17749K, committed 17792K, reserved 1064960K
  class space    used 1786K, capacity 1906K, committed 1920K, reserved 1048576K
}

